<?xml version="1.0" encoding="UTF-8"?>
<coverage generated="1623818486438" clover="3.2.0">
  <project timestamp="1623818486439" name="All files">
    <metrics statements="25" coveredstatements="25" conditionals="26" coveredconditionals="26" methods="2" coveredmethods="2" elements="53" coveredelements="53" complexity="0" loc="25" ncloc="25" packages="1" files="1" classes="1"/>
    <file name="cipher.js" path="C:\Users\elizabeth\Documents\GitHub\LIM015-cipher\src\cipher.js">
      <metrics statements="25" coveredstatements="25" conditionals="26" coveredconditionals="26" methods="2" coveredmethods="2"/>
      <line num="1" count="1" type="stmt"/>
      <line num="4" count="8" type="cond" truecount="5" falsecount="0"/>
      <line num="5" count="3" type="stmt"/>
      <line num="8" count="5" type="cond" truecount="4" falsecount="0"/>
      <line num="9" count="1" type="stmt"/>
      <line num="11" count="4" type="stmt"/>
      <line num="13" count="4" type="stmt"/>
      <line num="14" count="29" type="stmt"/>
      <line num="16" count="29" type="cond" truecount="4" falsecount="0"/>
      <line num="17" count="3" type="stmt"/>
      <line num="20" count="26" type="stmt"/>
      <line num="21" count="26" type="stmt"/>
      <line num="28" count="2" type="stmt"/>
      <line num="32" count="8" type="cond" truecount="5" falsecount="0"/>
      <line num="33" count="3" type="stmt"/>
      <line num="35" count="5" type="cond" truecount="4" falsecount="0"/>
      <line num="36" count="1" type="stmt"/>
      <line num="38" count="4" type="stmt"/>
      <line num="40" count="4" type="stmt"/>
      <line num="41" count="29" type="stmt"/>
      <line num="43" count="29" type="cond" truecount="4" falsecount="0"/>
      <line num="44" count="3" type="stmt"/>
      <line num="47" count="26" type="stmt"/>
      <line num="48" count="26" type="stmt"/>
      <line num="55" count="2" type="stmt"/>
    </file>
  </project>
</coverage>
