<?xml version="1.0" encoding="UTF-8"?>
<coverage generated="1623979533166" clover="3.2.0">
  <project timestamp="1623979533167" name="All files">
    <metrics statements="31" coveredstatements="31" conditionals="38" coveredconditionals="38" methods="2" coveredmethods="2" elements="71" coveredelements="71" complexity="0" loc="31" ncloc="31" packages="1" files="1" classes="1"/>
    <file name="cipher.js" path="C:\Users\elizabeth\Documents\GitHub\LIM015-cipher\src\cipher.js">
      <metrics statements="31" coveredstatements="31" conditionals="38" coveredconditionals="38" methods="2" coveredmethods="2"/>
      <line num="1" count="1" type="stmt"/>
      <line num="3" count="9" type="cond" truecount="5" falsecount="0"/>
      <line num="4" count="3" type="stmt"/>
      <line num="7" count="6" type="cond" truecount="4" falsecount="0"/>
      <line num="8" count="1" type="stmt"/>
      <line num="10" count="5" type="stmt"/>
      <line num="12" count="5" type="stmt"/>
      <line num="13" count="55" type="stmt"/>
      <line num="15" count="55" type="cond" truecount="6" falsecount="0"/>
      <line num="16" count="3" type="stmt"/>
      <line num="17" count="52" type="cond" truecount="4" falsecount="0"/>
      <line num="18" count="26" type="stmt"/>
      <line num="19" count="26" type="stmt"/>
      <line num="21" count="26" type="stmt"/>
      <line num="22" count="26" type="stmt"/>
      <line num="26" count="3" type="stmt"/>
      <line num="30" count="9" type="cond" truecount="5" falsecount="0"/>
      <line num="31" count="3" type="stmt"/>
      <line num="33" count="6" type="cond" truecount="4" falsecount="0"/>
      <line num="34" count="1" type="stmt"/>
      <line num="36" count="5" type="stmt"/>
      <line num="38" count="5" type="stmt"/>
      <line num="39" count="55" type="stmt"/>
      <line num="41" count="55" type="cond" truecount="6" falsecount="0"/>
      <line num="42" count="3" type="stmt"/>
      <line num="43" count="52" type="cond" truecount="4" falsecount="0"/>
      <line num="44" count="26" type="stmt"/>
      <line num="45" count="26" type="stmt"/>
      <line num="48" count="26" type="stmt"/>
      <line num="49" count="26" type="stmt"/>
      <line num="56" count="3" type="stmt"/>
    </file>
  </project>
</coverage>
