{"C:\\Users\\elizabeth\\Documents\\GitHub\\LIM015-cipher\\src\\cipher.js": {"path":"C:\\Users\\elizabeth\\Documents\\GitHub\\LIM015-cipher\\src\\cipher.js","statementMap":{"0":{"start":{"line":1,"column":15},"end":{"line":15,"column":1}},"1":{"start":{"line":6,"column":21},"end":{"line":6,"column":23}},"2":{"start":{"line":8,"column":4},"end":{"line":11,"column":5}},"3":{"start":{"line":8,"column":17},"end":{"line":8,"column":18}},"4":{"start":{"line":10,"column":6},"end":{"line":10,"column":83}},"5":{"start":{"line":13,"column":4},"end":{"line":13,"column":31}}},"fnMap":{"0":{"name":"(anonymous_0)","decl":{"start":{"line":4,"column":10},"end":{"line":4,"column":11}},"loc":{"start":{"line":4,"column":35},"end":{"line":14,"column":3}},"line":4}},"branchMap":{},"s":{"0":1,"1":4,"2":4,"3":4,"4":26,"5":2},"f":{"0":4},"b":{},"_coverageSchema":"1a1c01bbd47fc00a2c39e90264f33305004495a9","hash":"d4257254dcf209c6e728e08caf132754aba1e417"}
}
