{"C:\\Users\\elizabeth\\Documents\\GitHub\\LIM015-cipher\\src\\cipher.js": {"path":"C:\\Users\\elizabeth\\Documents\\GitHub\\LIM015-cipher\\src\\cipher.js","statementMap":{"0":{"start":{"line":1,"column":15},"end":{"line":58,"column":1}},"1":{"start":{"line":3,"column":4},"end":{"line":5,"column":5}},"2":{"start":{"line":4,"column":6},"end":{"line":4,"column":42}},"3":{"start":{"line":7,"column":4},"end":{"line":9,"column":5}},"4":{"start":{"line":8,"column":6},"end":{"line":8,"column":42}},"5":{"start":{"line":10,"column":20},"end":{"line":10,"column":22}},"6":{"start":{"line":12,"column":4},"end":{"line":25,"column":1}},"7":{"start":{"line":12,"column":17},"end":{"line":12,"column":18}},"8":{"start":{"line":13,"column":26},"end":{"line":13,"column":57}},"9":{"start":{"line":15,"column":6},"end":{"line":23,"column":7}},"10":{"start":{"line":16,"column":8},"end":{"line":16,"column":53}},"11":{"start":{"line":17,"column":13},"end":{"line":23,"column":7}},"12":{"start":{"line":18,"column":8},"end":{"line":18,"column":73}},"13":{"start":{"line":19,"column":8},"end":{"line":19,"column":67}},"14":{"start":{"line":21,"column":8},"end":{"line":21,"column":73}},"15":{"start":{"line":22,"column":8},"end":{"line":22,"column":67}},"16":{"start":{"line":26,"column":0},"end":{"line":26,"column":17}},"17":{"start":{"line":30,"column":2},"end":{"line":32,"column":3}},"18":{"start":{"line":31,"column":4},"end":{"line":31,"column":40}},"19":{"start":{"line":33,"column":2},"end":{"line":35,"column":3}},"20":{"start":{"line":34,"column":4},"end":{"line":34,"column":40}},"21":{"start":{"line":36,"column":18},"end":{"line":36,"column":20}},"22":{"start":{"line":38,"column":2},"end":{"line":55,"column":3}},"23":{"start":{"line":38,"column":15},"end":{"line":38,"column":16}},"24":{"start":{"line":39,"column":24},"end":{"line":39,"column":55}},"25":{"start":{"line":41,"column":4},"end":{"line":50,"column":5}},"26":{"start":{"line":42,"column":6},"end":{"line":42,"column":51}},"27":{"start":{"line":43,"column":11},"end":{"line":50,"column":5}},"28":{"start":{"line":44,"column":6},"end":{"line":44,"column":71}},"29":{"start":{"line":45,"column":6},"end":{"line":45,"column":65}},"30":{"start":{"line":48,"column":6},"end":{"line":48,"column":71}},"31":{"start":{"line":49,"column":6},"end":{"line":49,"column":65}},"32":{"start":{"line":56,"column":2},"end":{"line":56,"column":19}}},"fnMap":{"0":{"name":"(anonymous_0)","decl":{"start":{"line":2,"column":10},"end":{"line":2,"column":11}},"loc":{"start":{"line":2,"column":46},"end":{"line":27,"column":3}},"line":2},"1":{"name":"(anonymous_1)","decl":{"start":{"line":29,"column":8},"end":{"line":29,"column":9}},"loc":{"start":{"line":29,"column":44},"end":{"line":57,"column":1}},"line":29}},"branchMap":{"0":{"loc":{"start":{"line":3,"column":4},"end":{"line":5,"column":5}},"type":"if","locations":[{"start":{"line":3,"column":4},"end":{"line":5,"column":5}},{"start":{"line":3,"column":4},"end":{"line":5,"column":5}}],"line":3},"1":{"loc":{"start":{"line":3,"column":8},"end":{"line":3,"column":53}},"type":"binary-expr","locations":[{"start":{"line":3,"column":8},"end":{"line":3,"column":19}},{"start":{"line":3,"column":23},"end":{"line":3,"column":37}},{"start":{"line":3,"column":41},"end":{"line":3,"column":53}}],"line":3},"2":{"loc":{"start":{"line":7,"column":4},"end":{"line":9,"column":5}},"type":"if","locations":[{"start":{"line":7,"column":4},"end":{"line":9,"column":5}},{"start":{"line":7,"column":4},"end":{"line":9,"column":5}}],"line":7},"3":{"loc":{"start":{"line":7,"column":8},"end":{"line":7,"column":62}},"type":"binary-expr","locations":[{"start":{"line":7,"column":8},"end":{"line":7,"column":34}},{"start":{"line":7,"column":38},"end":{"line":7,"column":62}}],"line":7},"4":{"loc":{"start":{"line":15,"column":6},"end":{"line":23,"column":7}},"type":"if","locations":[{"start":{"line":15,"column":6},"end":{"line":23,"column":7}},{"start":{"line":15,"column":6},"end":{"line":23,"column":7}}],"line":15},"5":{"loc":{"start":{"line":15,"column":10},"end":{"line":15,"column":97}},"type":"binary-expr","locations":[{"start":{"line":15,"column":10},"end":{"line":15,"column":28}},{"start":{"line":15,"column":33},"end":{"line":15,"column":51}},{"start":{"line":15,"column":55},"end":{"line":15,"column":73}},{"start":{"line":15,"column":78},"end":{"line":15,"column":97}}],"line":15},"6":{"loc":{"start":{"line":17,"column":13},"end":{"line":23,"column":7}},"type":"if","locations":[{"start":{"line":17,"column":13},"end":{"line":23,"column":7}},{"start":{"line":17,"column":13},"end":{"line":23,"column":7}}],"line":17},"7":{"loc":{"start":{"line":17,"column":16},"end":{"line":17,"column":55}},"type":"binary-expr","locations":[{"start":{"line":17,"column":16},"end":{"line":17,"column":33}},{"start":{"line":17,"column":37},"end":{"line":17,"column":55}}],"line":17},"8":{"loc":{"start":{"line":30,"column":2},"end":{"line":32,"column":3}},"type":"if","locations":[{"start":{"line":30,"column":2},"end":{"line":32,"column":3}},{"start":{"line":30,"column":2},"end":{"line":32,"column":3}}],"line":30},"9":{"loc":{"start":{"line":30,"column":6},"end":{"line":30,"column":51}},"type":"binary-expr","locations":[{"start":{"line":30,"column":6},"end":{"line":30,"column":17}},{"start":{"line":30,"column":21},"end":{"line":30,"column":35}},{"start":{"line":30,"column":39},"end":{"line":30,"column":51}}],"line":30},"10":{"loc":{"start":{"line":33,"column":2},"end":{"line":35,"column":3}},"type":"if","locations":[{"start":{"line":33,"column":2},"end":{"line":35,"column":3}},{"start":{"line":33,"column":2},"end":{"line":35,"column":3}}],"line":33},"11":{"loc":{"start":{"line":33,"column":6},"end":{"line":33,"column":60}},"type":"binary-expr","locations":[{"start":{"line":33,"column":6},"end":{"line":33,"column":32}},{"start":{"line":33,"column":36},"end":{"line":33,"column":60}}],"line":33},"12":{"loc":{"start":{"line":41,"column":4},"end":{"line":50,"column":5}},"type":"if","locations":[{"start":{"line":41,"column":4},"end":{"line":50,"column":5}},{"start":{"line":41,"column":4},"end":{"line":50,"column":5}}],"line":41},"13":{"loc":{"start":{"line":41,"column":8},"end":{"line":41,"column":95}},"type":"binary-expr","locations":[{"start":{"line":41,"column":8},"end":{"line":41,"column":26}},{"start":{"line":41,"column":31},"end":{"line":41,"column":49}},{"start":{"line":41,"column":53},"end":{"line":41,"column":71}},{"start":{"line":41,"column":76},"end":{"line":41,"column":95}}],"line":41},"14":{"loc":{"start":{"line":43,"column":11},"end":{"line":50,"column":5}},"type":"if","locations":[{"start":{"line":43,"column":11},"end":{"line":50,"column":5}},{"start":{"line":43,"column":11},"end":{"line":50,"column":5}}],"line":43},"15":{"loc":{"start":{"line":43,"column":14},"end":{"line":43,"column":53}},"type":"binary-expr","locations":[{"start":{"line":43,"column":14},"end":{"line":43,"column":31}},{"start":{"line":43,"column":35},"end":{"line":43,"column":53}}],"line":43}},"s":{"0":1,"1":9,"2":3,"3":6,"4":1,"5":5,"6":5,"7":5,"8":55,"9":55,"10":3,"11":52,"12":26,"13":26,"14":26,"15":26,"16":3,"17":9,"18":3,"19":6,"20":1,"21":5,"22":5,"23":5,"24":55,"25":55,"26":3,"27":52,"28":26,"29":26,"30":26,"31":26,"32":3},"f":{"0":9,"1":9},"b":{"0":[3,6],"1":[9,7,6],"2":[1,5],"3":[6,6],"4":[3,52],"5":[55,52,26,52],"6":[26,26],"7":[52,26],"8":[3,6],"9":[9,7,6],"10":[1,5],"11":[6,6],"12":[3,52],"13":[55,52,26,52],"14":[26,26],"15":[52,26]},"_coverageSchema":"1a1c01bbd47fc00a2c39e90264f33305004495a9","hash":"bdd85f6cfb381ee39543d71e1ce8345a682f1c29"}
}
