TN:
SF:src\cipher.js
FN:2,(anonymous_0)
FN:29,(anonymous_1)
FNF:2
FNH:2
FNDA:9,(anonymous_0)
FNDA:9,(anonymous_1)
DA:1,1
DA:3,9
DA:4,3
DA:7,6
DA:8,1
DA:10,5
DA:12,5
DA:13,55
DA:15,55
DA:16,3
DA:17,52
DA:18,26
DA:19,26
DA:21,26
DA:22,26
DA:26,3
DA:30,9
DA:31,3
DA:33,6
DA:34,1
DA:36,5
DA:38,5
DA:39,55
DA:41,55
DA:42,3
DA:43,52
DA:44,26
DA:45,26
DA:48,26
DA:49,26
DA:56,3
LF:31
LH:31
BRDA:3,0,0,3
BRDA:3,0,1,6
BRDA:3,1,0,9
BRDA:3,1,1,7
BRDA:3,1,2,6
BRDA:7,2,0,1
BRDA:7,2,1,5
BRDA:7,3,0,6
BRDA:7,3,1,6
BRDA:15,4,0,3
BRDA:15,4,1,52
BRDA:15,5,0,55
BRDA:15,5,1,52
BRDA:15,5,2,26
BRDA:15,5,3,52
BRDA:17,6,0,26
BRDA:17,6,1,26
BRDA:17,7,0,52
BRDA:17,7,1,26
BRDA:30,8,0,3
BRDA:30,8,1,6
BRDA:30,9,0,9
BRDA:30,9,1,7
BRDA:30,9,2,6
BRDA:33,10,0,1
BRDA:33,10,1,5
BRDA:33,11,0,6
BRDA:33,11,1,6
BRDA:41,12,0,3
BRDA:41,12,1,52
BRDA:41,13,0,55
BRDA:41,13,1,52
BRDA:41,13,2,26
BRDA:41,13,3,52
BRDA:43,14,0,26
BRDA:43,14,1,26
BRDA:43,15,0,52
BRDA:43,15,1,26
BRF:38
BRH:38
end_of_record
