TN:
SF:src\cipher.js
FN:2,(anonymous_0)
FN:31,(anonymous_1)
FNF:2
FNH:2
FNDA:8,(anonymous_0)
FNDA:8,(anonymous_1)
DA:1,1
DA:4,8
DA:5,3
DA:8,5
DA:9,1
DA:11,4
DA:13,4
DA:14,29
DA:16,29
DA:17,3
DA:20,26
DA:21,26
DA:28,2
DA:32,8
DA:33,3
DA:35,5
DA:36,1
DA:38,4
DA:40,4
DA:41,29
DA:43,29
DA:44,3
DA:47,26
DA:48,26
DA:55,2
LF:25
LH:25
BRDA:4,0,0,3
BRDA:4,0,1,5
BRDA:4,1,0,8
BRDA:4,1,1,6
BRDA:4,1,2,5
BRDA:8,2,0,1
BRDA:8,2,1,4
BRDA:8,3,0,5
BRDA:8,3,1,5
BRDA:16,4,0,3
BRDA:16,4,1,26
BRDA:16,5,0,29
BRDA:16,5,1,26
BRDA:32,6,0,3
BRDA:32,6,1,5
BRDA:32,7,0,8
BRDA:32,7,1,6
BRDA:32,7,2,5
BRDA:35,8,0,1
BRDA:35,8,1,4
BRDA:35,9,0,5
BRDA:35,9,1,5
BRDA:43,10,0,3
BRDA:43,10,1,26
BRDA:43,11,0,29
BRDA:43,11,1,26
BRF:26
BRH:26
end_of_record
